<?xml version="1.0" encoding="UTF-8"?>
<testng-results skipped="0" failed="0" ignored="0" total="2" passed="2">
  <reporter-output>
  </reporter-output>
  <suite name="Suite" duration-ms="69" started-at="2017-12-29T20:20:59Z" finished-at="2017-12-29T20:20:59Z">
    <groups>
    </groups>
    <test name="Test" duration-ms="69" started-at="2017-12-29T20:20:59Z" finished-at="2017-12-29T20:20:59Z">
      <class name="automationDemo.Test2">
        <test-method status="PASS" signature="browsertest2()[pri:0, instance:automationDemo.Test2@1057a39]" name="browsertest2" duration-ms="30" started-at="2017-12-29T15:20:59Z" finished-at="2017-12-29T15:20:59Z">
          <reporter-output>
          </reporter-output>
        </test-method> <!-- browsertest2 -->
      </class> <!-- automationDemo.Test2 -->
      <class name="automationDemo.Test1">
        <test-method status="PASS" signature="browsertest()[pri:0, instance:automationDemo.Test1@4edc67]" name="browsertest" duration-ms="1" started-at="2017-12-29T15:20:59Z" finished-at="2017-12-29T15:20:59Z">
          <reporter-output>
          </reporter-output>
        </test-method> <!-- browsertest -->
      </class> <!-- automationDemo.Test1 -->
    </test> <!-- Test -->
  </suite> <!-- Suite -->
</testng-results>
